<?xml version="1.0" encoding="UTF-8"?>
<!-- Generated by org.testng.reporters.JUnitReportReporter -->
<testsuite hostname="APPU" failures="0" tests="1" name="testCases.TC002_Login_Test" time="2.517" errors="0" timestamp="2025-06-10T14:27:26 IST" skipped="0">
  <testcase classname="testCases.TC002_Login_Test" name="verify_Login" time="2.517"/>
</testsuite> <!-- testCases.TC002_Login_Test -->
