<?xml version="1.0" encoding="UTF-8"?>
<!-- Generated by org.testng.reporters.JUnitReportReporter -->
<testsuite hostname="APPU" failures="0" tests="1" name="testCases.TC_001AccountRegistration_Test" time="4.196" errors="0" timestamp="2025-06-11T21:31:58 IST" skipped="0">
  <testcase classname="testCases.TC_001AccountRegistration_Test" name="verify_account_registration" time="4.196"/>
</testsuite> <!-- testCases.TC_001AccountRegistration_Test -->
